Build started 17/07/2015 11:34:44.
     1>Project "C:\Users\Matt\Documents\GitHub\KentDAW\Plugins\Gain\Builds\VisualStudio2013\GainPlugin.vcxproj" on node 2 (Build target(s)).
     1>ClCompile:
         C:\Program Files (x86)\Microsoft Visual Studio 12.0\VC\bin\CL.exe /c /I..\..\JuceLibraryCode /I..\..\..\..\Juce /Ic:\SDKs\VST3SDK /ZI /nologo /W4 /WX- /MP /Od /Oy- /D WIN32 /D _WINDOWS /D DEBUG /D _DEBUG /D JUCER_VS2013_78A5020=1 /D JUCE_APP_VERSION=1.0.0 /D JUCE_APP_VERSION_HEX=0x10000 /D _WINDLL /Gm- /EHsc /MDd /GS /fp:precise /Zc:wchar_t /Zc:forScope /GR /Fo"Debug\\" /Fd"Debug\\vc120.pdb" /Gd /TP /analyze- /errorReport:prompt ..\..\Source\GainPluginProcessor.cpp ..\..\Source\GainPluginEditor.cpp
         GainPluginProcessor.cpp
         GainPluginEditor.cpp
     1>c:\users\matt\documents\github\kentdaw\plugins\gain\source\gainpluginprocessor.cpp(36): warning C4100: 'index' : unreferenced formal parameter
     1>c:\users\matt\documents\github\kentdaw\plugins\gain\source\gainpluginprocessor.cpp(41): warning C4100: 'index' : unreferenced formal parameter
     1>c:\users\matt\documents\github\kentdaw\plugins\gain\source\gainpluginprocessor.cpp(46): warning C4100: 'index' : unreferenced formal parameter
     1>c:\users\matt\documents\github\kentdaw\plugins\gain\source\gainpluginprocessor.cpp(51): warning C4100: 'index' : unreferenced formal parameter
     1>c:\users\matt\documents\github\kentdaw\plugins\gain\source\gainpluginprocessor.cpp(66): warning C4100: 'index' : unreferenced formal parameter
     1>c:\users\matt\documents\github\kentdaw\plugins\gain\source\gainpluginprocessor.cpp(71): warning C4100: 'index' : unreferenced formal parameter
     1>c:\users\matt\documents\github\kentdaw\plugins\gain\source\gainpluginprocessor.cpp(115): warning C4100: 'index' : unreferenced formal parameter
     1>c:\users\matt\documents\github\kentdaw\plugins\gain\source\gainpluginprocessor.cpp(119): warning C4100: 'index' : unreferenced formal parameter
     1>c:\users\matt\documents\github\kentdaw\plugins\gain\source\gainpluginprocessor.cpp(124): warning C4100: 'newName' : unreferenced formal parameter
     1>c:\users\matt\documents\github\kentdaw\plugins\gain\source\gainpluginprocessor.cpp(124): warning C4100: 'index' : unreferenced formal parameter
     1>c:\users\matt\documents\github\kentdaw\plugins\gain\source\gainpluginprocessor.cpp(129): warning C4100: 'samplesPerBlock' : unreferenced formal parameter
     1>c:\users\matt\documents\github\kentdaw\plugins\gain\source\gainpluginprocessor.cpp(129): warning C4100: 'sampleRate' : unreferenced formal parameter
     1>c:\users\matt\documents\github\kentdaw\plugins\gain\source\gainpluginprocessor.cpp(141): warning C4100: 'midiMessages' : unreferenced formal parameter
     1>c:\users\matt\documents\github\kentdaw\plugins\gain\source\gainpluginprocessor.cpp(156): warning C4189: 'channelData' : local variable is initialized but not referenced
     1>c:\users\matt\documents\github\kentdaw\plugins\gain\source\gainpluginprocessor.cpp(174): warning C4100: 'destData' : unreferenced formal parameter
     1>c:\users\matt\documents\github\kentdaw\plugins\gain\source\gainpluginprocessor.cpp(181): warning C4100: 'sizeInBytes' : unreferenced formal parameter
     1>c:\users\matt\documents\github\kentdaw\plugins\gain\source\gainpluginprocessor.cpp(181): warning C4100: 'data' : unreferenced formal parameter
         C:\Program Files (x86)\Microsoft Visual Studio 12.0\VC\bin\CL.exe /c /I..\..\JuceLibraryCode /I..\..\..\..\Juce /Ic:\SDKs\VST3SDK /ZI /nologo /W4 /WX- /MP /Od /Oy- /D WIN32 /D _WINDOWS /D DEBUG /D _DEBUG /D JUCER_VS2013_78A5020=1 /D JUCE_APP_VERSION=1.0.0 /D JUCE_APP_VERSION_HEX=0x10000 /D _WINDLL /Gm- /EHsc /MDd /GS /fp:precise /Zc:wchar_t /Zc:forScope /GR /Fo"Debug\\" /Fd"Debug\\vc120.pdb" /Gz /TP /analyze- /errorReport:prompt ..\..\..\..\Juce\juce_audio_plugin_client\RTAS\juce_RTAS_DigiCode1.cpp ..\..\..\..\Juce\juce_audio_plugin_client\RTAS\juce_RTAS_DigiCode2.cpp ..\..\..\..\Juce\juce_audio_plugin_client\RTAS\juce_RTAS_DigiCode3.cpp ..\..\..\..\Juce\juce_audio_plugin_client\RTAS\juce_RTAS_WinUtilities.cpp ..\..\..\..\Juce\juce_audio_plugin_client\RTAS\juce_RTAS_Wrapper.cpp
         juce_RTAS_DigiCode1.cpp
         juce_RTAS_DigiCode2.cpp
         juce_RTAS_DigiCode3.cpp
         juce_RTAS_WinUtilities.cpp
         juce_RTAS_Wrapper.cpp
       ResourceCompile:
         C:\Program Files (x86)\Windows Kits\8.1\bin\x86\rc.exe /D _DEBUG /l"0x0409" /nologo /fo"Debug\resources.res" .\resources.rc 
       Link:
         C:\Program Files (x86)\Microsoft Visual Studio 12.0\VC\bin\link.exe /ERRORREPORT:PROMPT /OUT:".\Debug\\GainPlugin.dll" /NOLOGO kernel32.lib user32.lib gdi32.lib winspool.lib comdlg32.lib advapi32.lib shell32.lib ole32.lib oleaut32.lib uuid.lib odbc32.lib odbccp32.lib /NODEFAULTLIB:libcmt.lib /NODEFAULTLIB:msvcrt.lib /MANIFEST /MANIFESTUAC:"level='asInvoker' uiAccess='false'" /manifest:embed /DEBUG /PDB:"Debug\\GainPlugin.pdb" /SUBSYSTEM:WINDOWS /LARGEADDRESSAWARE /TLBID:1 /DYNAMICBASE /NXCOMPAT /IMPLIB:".\Debug\GainPlugin.lib" /MACHINE:X86 /SAFESEH:NO /FORCE:multiple /DLL Debug\resources.res
         Debug\\GainPluginProcessor.obj
         Debug\\GainPluginEditor.obj
         Debug\\juce_AAX_Wrapper.obj
         Debug\\juce_audio_basics.obj
         Debug\\juce_audio_devices.obj
         Debug\\juce_audio_formats.obj
         Debug\\juce_audio_processors.obj
         Debug\\juce_core.obj
         Debug\\juce_cryptography.obj
         Debug\\juce_data_structures.obj
         Debug\\juce_events.obj
         Debug\\juce_graphics.obj
         Debug\\juce_gui_basics.obj
         Debug\\juce_gui_extra.obj
         Debug\\juce_opengl.obj
         Debug\\juce_PluginUtilities.obj
         Debug\\juce_RTAS_DigiCode1.obj
         Debug\\juce_RTAS_DigiCode2.obj
         Debug\\juce_RTAS_DigiCode3.obj
         Debug\\juce_RTAS_WinUtilities.obj
         Debug\\juce_RTAS_Wrapper.obj
         Debug\\juce_video.obj
         Debug\\juce_VST_Wrapper.obj
         Debug\\juce_VST3_Wrapper.obj
     1>GainPluginProcessor.obj : warning LNK4075: ignoring '/EDITANDCONTINUE' due to '/OPT:LBR' specification
            Creating library .\Debug\GainPlugin.lib and object .\Debug\GainPlugin.exp
         GainPlugin.vcxproj -> C:\Users\Matt\Documents\GitHub\KentDAW\Plugins\Gain\Builds\VisualStudio2013\.\Debug\GainPlugin.dll
       PostBuildEvent:
         copy /Y ".\Debug\\GainPlugin.dll" ".\Debug\\GainPlugin.vst3"
         :VCEnd
                 1 file(s) copied.
     1>Done Building Project "C:\Users\Matt\Documents\GitHub\KentDAW\Plugins\Gain\Builds\VisualStudio2013\GainPlugin.vcxproj" (Build target(s)).

Build succeeded.

Time Elapsed 00:00:11.30
